Arguments: 
  /usr/local/bin/node /usr/local/bin/yarn start

PATH: 
  /Users/stewartiainwilson/anaconda3/bin:/Library/Frameworks/Python.framework/Versions/2.7/bin:/Library/Frameworks/Python.framework/Versions/3.6/bin:/usr/local/bin:/usr/bin:/bin:/usr/sbin:/sbin:/Users/stewartiainwilson/anaconda3/bin:/Library/Frameworks/Python.framework/Versions/2.7/bin:/Library/Frameworks/Python.framework/Versions/3.6/bin

Yarn version: 
  1.5.1

Node version: 
  9.3.0

Platform: 
  darwin x64

npm manifest: 
  {
    "name": "js-fundamentals",
    "version": "1.0.0",
    "description": "",
    "main": "main.js",
    "scripts": {
      "test": "tape ./day-1-exercises/tests.js"
    },
    "author": "",
    "license": "ISC",
    "dependencies": {
      "data-type": "^0.1.3",
      "eslint-config-airbnb-base": "^12.1.0",
      "eslint-plugin-import": "^2.10.0"
    },
    "devDependencies": {
      "eslint": "^4.19.1",
      "tap-spec": "^4.1.1",
      "tape": "^4.9.0"
    }
  }

yarn manifest: 
  No manifest

Lockfile: 
  No lockfile

Trace: 
  Error: Command "start" not found.
      at new MessageError (/usr/local/lib/node_modules/yarn/lib/cli.js:186:110)
      at /usr/local/lib/node_modules/yarn/lib/cli.js:87307:17
      at Generator.next (<anonymous>)
      at step (/usr/local/lib/node_modules/yarn/lib/cli.js:98:30)
      at /usr/local/lib/node_modules/yarn/lib/cli.js:116:14
      at new Promise (<anonymous>)
      at new F (/usr/local/lib/node_modules/yarn/lib/cli.js:23451:28)
      at /usr/local/lib/node_modules/yarn/lib/cli.js:95:12
      at runCommand (/usr/local/lib/node_modules/yarn/lib/cli.js:87312:22)
      at Object.<anonymous> (/usr/local/lib/node_modules/yarn/lib/cli.js:87412:14)
